Start testing: Jun 08 15:48 ÖÐ¹ú±ê×¼Ê±¼ä
----------------------------------------------------------
1/2 Testing: test_motion
1/2 Test: test_motion
Command: "G:/ä¸´æ—¶å‚¨å­˜åŒº/51-MCU-Machine-Operation-Simulation/build/tests/test_motion.exe"
Directory: G:/ä¸´æ—¶å‚¨å­˜åŒº/51-MCU-Machine-Operation-Simulation/build/tests
"test_motion" start time: Jun 08 15:48 ÖÐ¹ú±ê×¼Ê±¼ä
Output:
----------------------------------------------------------
[DEBUG generateLine] start=(1,1) end=(7,5) length=7.2111 step=0.2
[DEBUG generateLine] done, iterations=36 total_points=37
[PASS] generateLine: 37 points
[DEBUG generateSin] start=(1,1) end=(7,5) length=7.2111 step=0.2
[DEBUG generateSin] done, iterations=37 total_points=38
[PASS] generateSin: 38 points
[DEBUG generateCircle] start=(1,1) end=(7,5) length=7.2111 step=0.2
[DEBUG generateCircle] center=(4,3) radius=3.60555 start_angle=-2.55359 end_angle=0.588003 angular_step=0.05547
[DEBUG generateCircle] done, iterations=57 total_points=58
[PASS] generateCircle: 58 points
[DEBUG generateLine] start=(1,1) end=(1,1) length=0 step=0.2
[DEBUG generateLine] start==end, return 1 point
[PASS] generateLine (zero length): 1 point

All motion tests passed!
<end of output>
Test time =   0.01 sec
----------------------------------------------------------
Test Passed.
"test_motion" end time: Jun 08 15:48 ÖÐ¹ú±ê×¼Ê±¼ä
"test_motion" time elapsed: 00:00:00
----------------------------------------------------------

2/2 Testing: test_protocol
2/2 Test: test_protocol
Command: "G:/ä¸´æ—¶å‚¨å­˜åŒº/51-MCU-Machine-Operation-Simulation/build/tests/test_protocol.exe"
Directory: G:/ä¸´æ—¶å‚¨å­˜åŒº/51-MCU-Machine-Operation-Simulation/build/tests
"test_protocol" start time: Jun 08 15:48 ÖÐ¹ú±ê×¼Ê±¼ä
Output:
----------------------------------------------------------
[PASS] quantizeCoord
[PASS] computeChecksum
[PASS] encodeFrames (empty)
[DEBUG encodeFrames] bounds x=[1, 7] y=[1, 5] vx=[0.5, 0.5] vy=[0, 0.5]
[DEBUG encodeFrames] total bytes=20 frames=2
[PASS] encodeFrames: 2 frames, 20 bytes

All protocol tests passed!
<end of output>
Test time =   0.01 sec
----------------------------------------------------------
Test Passed.
"test_protocol" end time: Jun 08 15:48 ÖÐ¹ú±ê×¼Ê±¼ä
"test_protocol" time elapsed: 00:00:00
----------------------------------------------------------

End testing: Jun 08 15:48 ÖÐ¹ú±ê×¼Ê±¼ä
